\BOOKMARK [1][-]{chapter*.1}{\376\377\000P\000r\000e\000f\000a\000c\000e}{}% 1
\BOOKMARK [1][-]{section*.2}{\376\377\000A\000b\000s\000t\000r\000a\000c\000t}{}% 2
\BOOKMARK [1][-]{chapter*.3}{\376\377\000A\000c\000k\000n\000o\000w\000l\000e\000d\000g\000e\000m\000e\000n\000t\000s}{}% 3
\BOOKMARK [1][-]{chapter*.4}{\376\377\000C\000o\000n\000t\000e\000n\000t\000s}{}% 4
\BOOKMARK [0][-]{chapter.1}{\376\377\000I\000n\000t\000r\000o\000d\000u\000c\000t\000i\000o\000n}{}% 5
\BOOKMARK [1][-]{section.1.1}{\376\377\000M\000o\000t\000i\000v\000a\000t\000i\000o\000n}{chapter.1}% 6
\BOOKMARK [1][-]{section.1.2}{\376\377\000L\000i\000t\000e\000r\000a\000t\000u\000r\000e}{chapter.1}% 7
\BOOKMARK [1][-]{section.1.3}{\376\377\000T\000h\000e\000s\000i\000s\000\040\000o\000v\000e\000r\000v\000i\000e\000w}{chapter.1}% 8
\BOOKMARK [0][-]{chapter.2}{\376\377\000T\000h\000e\000o\000r\000y}{}% 9
\BOOKMARK [1][-]{section.2.1}{\376\377\000N\000o\000t\000a\000t\000i\000o\000n}{chapter.2}% 10
\BOOKMARK [1][-]{section.2.2}{\376\377\000T\000h\000e\000\040\000s\000h\000a\000l\000l\000o\000w\000\040\000w\000a\000t\000e\000r\000\040\000e\000q\000u\000a\000t\000i\000o\000n\000s}{chapter.2}% 11
\BOOKMARK [1][-]{section.2.3}{\376\377\000F\000i\000n\000i\000t\000e\000\040\000V\000o\000l\000u\000m\000e\000\040\000M\000e\000t\000h\000o\000d\000\040\000f\000o\000r\000\040\000t\000h\000e\000\040\000S\000h\000a\000l\000l\000o\000w\000\040\000W\000a\000t\000e\000r\000\040\000E\000q\000u\000a\000t\000i\000o\000n\000s}{chapter.2}% 12
\BOOKMARK [1][-]{section.2.4}{\376\377\000T\000h\000e\000\040\000R\000i\000e\000m\000a\000n\000n\000\040\000p\000r\000o\000b\000l\000e\000m}{chapter.2}% 13
\BOOKMARK [1][-]{section.2.5}{\376\377\000F\000o\000u\000r\000i\000e\000r\000\040\000N\000e\000u\000r\000a\000l\000\040\000O\000p\000e\000r\000a\000t\000o\000r\000s\000\040\000a\000n\000d\000\040\000N\000e\000u\000r\000a\000l\000\040\000N\000e\000t\000w\000o\000r\000k\000s}{chapter.2}% 14
\BOOKMARK [0][-]{chapter.3}{\376\377\000M\000e\000t\000h\000o\000d\000o\000l\000o\000g\000y}{}% 15
\BOOKMARK [1][-]{section.3.1}{\376\377\000N\000u\000m\000e\000r\000i\000c\000a\000l\000\040\000f\000l\000u\000x\000e\000s}{chapter.3}% 16
\BOOKMARK [1][-]{section.3.2}{\376\377\000I\000m\000p\000l\000e\000m\000e\000n\000t\000a\000t\000i\000o\000n\000\040\000o\000f\000\040\000t\000h\000e\000\040\000F\000V\000M\000\040\000i\000n\000\040\0001\000D}{chapter.3}% 17
\BOOKMARK [1][-]{section.3.3}{\376\377\000T\000r\000u\000e\000\040\000s\000o\000l\000u\000t\000i\000o\000n}{chapter.3}% 18
\BOOKMARK [1][-]{section.3.4}{\376\377\000F\000V\000M\000\040\000i\000n\000\040\0002\000D}{chapter.3}% 19
\BOOKMARK [1][-]{section.3.5}{\376\377\000F\000V\000M\000\040\0001\000D\000\040\000L\000i\000n\000e\000a\000r\000i\000z\000e\000d\000\040\000S\000W\000E\000\040\000s\000p\000h\000e\000r\000i\000c\000a\000l}{chapter.3}% 20
\BOOKMARK [1][-]{section.3.6}{\376\377\000D\000a\000t\000a\000\040\000g\000e\000n\000e\000r\000a\000t\000i\000o\000n}{chapter.3}% 21
\BOOKMARK [1][-]{section.3.7}{\376\377\000D\000a\000t\000a\000\040\000C\000o\000p\000e\000r\000n\000i\000c\000u\000s}{chapter.3}% 22
\BOOKMARK [1][-]{section.3.8}{\376\377\000M\000e\000s\000h\000\040\000g\000e\000n\000e\000r\000a\000t\000i\000o\000n\000\040\000f\000o\000r\000\040\000t\000h\000e\000\040\000s\000p\000h\000e\000r\000e}{chapter.3}% 23
\BOOKMARK [0][-]{chapter.4}{\376\377\000R\000e\000s\000u\000l\000t\000s}{}% 24
\BOOKMARK [1][-]{section.4.1}{\376\377\000N\000u\000m\000e\000r\000i\000c\000a\000l\000\040\000r\000e\000s\000u\000l\000t\000s}{chapter.4}% 25
\BOOKMARK [1][-]{section.4.2}{\376\377\000D\000a\000t\000a\000-\000d\000r\000i\000v\000e\000n\000\040\000r\000e\000s\000u\000l\000t\000s}{chapter.4}% 26
\BOOKMARK [1][-]{section.4.3}{\376\377\000D\000a\000t\000a\000-\000d\000r\000i\000v\000e\000n\000\040\000r\000e\000s\000u\000l\000t\000s\000\040\000f\000o\000r\000\040\000t\000h\000e\000\040\0002\000D\000\040\000S\000W\000E}{chapter.4}% 27
\BOOKMARK [0][-]{chapter.5}{\376\377\000D\000i\000s\000c\000u\000s\000s\000i\000o\000n}{}% 28
\BOOKMARK [0][-]{chapter.6}{\376\377\000F\000u\000r\000t\000h\000e\000r\000\040\000w\000o\000r\000k}{}% 29
\BOOKMARK [0][-]{chapter*.93}{\376\377\000B\000i\000b\000l\000i\000o\000g\000r\000a\000p\000h\000y}{}% 30
\BOOKMARK [0][-]{chapter.7}{\376\377\000A\000p\000p\000e\000n\000d\000i\000x}{}% 31
\BOOKMARK [1][-]{section.7.1}{\376\377\000A\000d\000d\000i\000t\000i\000o\000n\000a\000l\000\040\000f\000i\000g\000u\000r\000e\000s\000\040\000f\000r\000o\000m\000\040\0001\000D\000\040\000S\000W\000E\000\040\000s\000p\000h\000e\000r\000i\000c\000a\000l\000\040\000C\000N\000N\000\040\000a\000n\000d\000\040\000F\000N\000O}{chapter.7}% 32
